This file contains any messages produced by compilers while
running configure, to aid debugging if configure makes a mistake.

It was created by Google C++ Mocking Framework configure 1.8.0, which was
generated by GNU Autoconf 2.71.  Invocation command line was

  $ ./configure --disable-option-checking --prefix=/usr/local --cache-file=/dev/null --srcdir=.

## --------- ##
## Platform. ##
## --------- ##

hostname = iZn4adgxsi96b0p10hxn1fZ
uname -m = x86_64
uname -r = 6.8.0-63-generic
uname -s = Linux
uname -v = #66-Ubuntu SMP PREEMPT_DYNAMIC Fri Jun 13 20:25:30 UTC 2025

/usr/bin/uname -p = x86_64
/bin/uname -X     = unknown

/bin/arch              = x86_64
/usr/bin/arch -k       = unknown
/usr/convex/getsysinfo = unknown
/usr/bin/hostinfo      = unknown
/bin/machine           = unknown
/usr/bin/oslevel       = unknown
/bin/universe          = unknown

PATH: /usr/local/sbin/
PATH: /usr/local/bin/
PATH: /usr/sbin/
PATH: /usr/bin/
PATH: /sbin/
PATH: /bin/
PATH: /usr/games/
PATH: /usr/local/games/
PATH: /snap/bin/


## ----------- ##
## Core tests. ##
## ----------- ##

configure:2756: looking for aux files: config.guess config.sub ltmain.sh compile missing install-sh
configure:2769:  trying ./build-aux/
configure:2798:   ./build-aux/config.guess found
configure:2798:   ./build-aux/config.sub found
configure:2798:   ./build-aux/ltmain.sh found
configure:2798:   ./build-aux/compile found
configure:2798:   ./build-aux/missing found
configure:2780:   ./build-aux/install-sh found
configure:2942: checking for a BSD-compatible install
configure:3015: result: /usr/bin/install -c
configure:3026: checking whether build environment is sane
configure:3081: result: yes
configure:3240: checking for a race-free mkdir -p
configure:3284: result: /usr/bin/mkdir -p
configure:3291: checking for gawk
configure:3312: found /usr/bin/gawk
configure:3323: result: gawk
configure:3334: checking whether make sets $(MAKE)
configure:3357: result: yes
configure:3387: checking whether make supports nested variables
configure:3405: result: yes
configure:3605: checking for gcc
configure:3626: found /usr/bin/gcc
configure:3637: result: gcc
configure:3990: checking for C compiler version
configure:3999: gcc --version >&5
gcc (Ubuntu 13.3.0-6ubuntu2~24.04) 13.3.0
Copyright (C) 2023 Free Software Foundation, Inc.
This is free software; see the source for copying conditions.  There is NO
warranty; not even for MERCHANTABILITY or FITNESS FOR A PARTICULAR PURPOSE.

configure:4010: $? = 0
configure:3999: gcc -v >&5
Using built-in specs.
COLLECT_GCC=gcc
COLLECT_LTO_WRAPPER=/usr/libexec/gcc/x86_64-linux-gnu/13/lto-wrapper
OFFLOAD_TARGET_NAMES=nvptx-none:amdgcn-amdhsa
OFFLOAD_TARGET_DEFAULT=1
Target: x86_64-linux-gnu
Configured with: ../src/configure -v --with-pkgversion='Ubuntu 13.3.0-6ubuntu2~24.04' --with-bugurl=file:///usr/share/doc/gcc-13/README.Bugs --enable-languages=c,ada,c++,go,d,fortran,objc,obj-c++,m2 --prefix=/usr --with-gcc-major-version-only --program-suffix=-13 --program-prefix=x86_64-linux-gnu- --enable-shared --enable-linker-build-id --libexecdir=/usr/libexec --without-included-gettext --enable-threads=posix --libdir=/usr/lib --enable-nls --enable-bootstrap --enable-clocale=gnu --enable-libstdcxx-debug --enable-libstdcxx-time=yes --with-default-libstdcxx-abi=new --enable-libstdcxx-backtrace --enable-gnu-unique-object --disable-vtable-verify --enable-plugin --enable-default-pie --with-system-zlib --enable-libphobos-checking=release --with-target-system-zlib=auto --enable-objc-gc=auto --enable-multiarch --disable-werror --enable-cet --with-arch-32=i686 --with-abi=m64 --with-multilib-list=m32,m64,mx32 --enable-multilib --with-tune=generic --enable-offload-targets=nvptx-none=/build/gcc-13-fG75Ri/gcc-13-13.3.0/debian/tmp-nvptx/usr,amdgcn-amdhsa=/build/gcc-13-fG75Ri/gcc-13-13.3.0/debian/tmp-gcn/usr --enable-offload-defaulted --without-cuda-driver --enable-checking=release --build=x86_64-linux-gnu --host=x86_64-linux-gnu --target=x86_64-linux-gnu --with-build-config=bootstrap-lto-lean --enable-link-serialization=2
Thread model: posix
Supported LTO compression algorithms: zlib zstd
gcc version 13.3.0 (Ubuntu 13.3.0-6ubuntu2~24.04) 
... rest of stderr output deleted ...
configure:4010: $? = 0
configure:3999: gcc -V >&5
gcc: error: unrecognized command-line option '-V'
gcc: fatal error: no input files
compilation terminated.
configure:4010: $? = 1
configure:3999: gcc -qversion >&5
gcc: error: unrecognized command-line option '-qversion'; did you mean '--version'?
gcc: fatal error: no input files
compilation terminated.
configure:4010: $? = 1
configure:3999: gcc -version >&5
gcc: error: unrecognized command-line option '-version'
gcc: fatal error: no input files
compilation terminated.
configure:4010: $? = 1
configure:4030: checking whether the C compiler works
configure:4052: gcc    conftest.c  >&5
configure:4056: $? = 0
configure:4106: result: yes
configure:4109: checking for C compiler default output file name
configure:4111: result: a.out
configure:4117: checking for suffix of executables
configure:4124: gcc -o conftest    conftest.c  >&5
configure:4128: $? = 0
configure:4151: result: 
configure:4173: checking whether we are cross compiling
configure:4181: gcc -o conftest    conftest.c  >&5
configure:4185: $? = 0
configure:4192: ./conftest
configure:4196: $? = 0
configure:4211: result: no
configure:4216: checking for suffix of object files
configure:4239: gcc -c   conftest.c >&5
configure:4243: $? = 0
configure:4265: result: o
configure:4269: checking whether the compiler supports GNU C
configure:4289: gcc -c   conftest.c >&5
configure:4289: $? = 0
configure:4299: result: yes
configure:4310: checking whether gcc accepts -g
configure:4331: gcc -c -g  conftest.c >&5
configure:4331: $? = 0
configure:4375: result: yes
configure:4395: checking for gcc option to enable C11 features
configure:4410: gcc  -c   conftest.c >&5
configure:4410: $? = 0
configure:4428: result: none needed
configure:4544: checking whether gcc understands -c and -o together
configure:4567: gcc -c conftest.c -o conftest2.o
configure:4570: $? = 0
configure:4567: gcc -c conftest.c -o conftest2.o
configure:4570: $? = 0
configure:4582: result: yes
configure:4602: checking whether make supports the include directive
configure:4617: make -f confmf.GNU && cat confinc.out
this is the am__doit target
configure:4620: $? = 0
configure:4639: result: yes (GNU style)
configure:4665: checking dependency style of gcc
configure:4777: result: gcc3
configure:4861: checking for g++
configure:4882: found /usr/bin/g++
configure:4893: result: g++
configure:4920: checking for C++ compiler version
configure:4929: g++ --version >&5
g++ (Ubuntu 13.3.0-6ubuntu2~24.04) 13.3.0
Copyright (C) 2023 Free Software Foundation, Inc.
This is free software; see the source for copying conditions.  There is NO
warranty; not even for MERCHANTABILITY or FITNESS FOR A PARTICULAR PURPOSE.

configure:4940: $? = 0
configure:4929: g++ -v >&5
Using built-in specs.
COLLECT_GCC=g++
COLLECT_LTO_WRAPPER=/usr/libexec/gcc/x86_64-linux-gnu/13/lto-wrapper
OFFLOAD_TARGET_NAMES=nvptx-none:amdgcn-amdhsa
OFFLOAD_TARGET_DEFAULT=1
Target: x86_64-linux-gnu
Configured with: ../src/configure -v --with-pkgversion='Ubuntu 13.3.0-6ubuntu2~24.04' --with-bugurl=file:///usr/share/doc/gcc-13/README.Bugs --enable-languages=c,ada,c++,go,d,fortran,objc,obj-c++,m2 --prefix=/usr --with-gcc-major-version-only --program-suffix=-13 --program-prefix=x86_64-linux-gnu- --enable-shared --enable-linker-build-id --libexecdir=/usr/libexec --without-included-gettext --enable-threads=posix --libdir=/usr/lib --enable-nls --enable-bootstrap --enable-clocale=gnu --enable-libstdcxx-debug --enable-libstdcxx-time=yes --with-default-libstdcxx-abi=new --enable-libstdcxx-backtrace --enable-gnu-unique-object --disable-vtable-verify --enable-plugin --enable-default-pie --with-system-zlib --enable-libphobos-checking=release --with-target-system-zlib=auto --enable-objc-gc=auto --enable-multiarch --disable-werror --enable-cet --with-arch-32=i686 --with-abi=m64 --with-multilib-list=m32,m64,mx32 --enable-multilib --with-tune=generic --enable-offload-targets=nvptx-none=/build/gcc-13-fG75Ri/gcc-13-13.3.0/debian/tmp-nvptx/usr,amdgcn-amdhsa=/build/gcc-13-fG75Ri/gcc-13-13.3.0/debian/tmp-gcn/usr --enable-offload-defaulted --without-cuda-driver --enable-checking=release --build=x86_64-linux-gnu --host=x86_64-linux-gnu --target=x86_64-linux-gnu --with-build-config=bootstrap-lto-lean --enable-link-serialization=2
Thread model: posix
Supported LTO compression algorithms: zlib zstd
gcc version 13.3.0 (Ubuntu 13.3.0-6ubuntu2~24.04) 
... rest of stderr output deleted ...
configure:4940: $? = 0
configure:4929: g++ -V >&5
g++: error: unrecognized command-line option '-V'
g++: fatal error: no input files
compilation terminated.
configure:4940: $? = 1
configure:4929: g++ -qversion >&5
g++: error: unrecognized command-line option '-qversion'; did you mean '--version'?
g++: fatal error: no input files
compilation terminated.
configure:4940: $? = 1
configure:4944: checking whether the compiler supports GNU C++
configure:4964: g++ -c  -g -std=c++11 -DNDEBUG  conftest.cpp >&5
configure:4964: $? = 0
configure:4974: result: yes
configure:4985: checking whether g++ accepts -g
configure:5006: g++ -c -g  conftest.cpp >&5
configure:5006: $? = 0
configure:5050: result: yes
configure:5070: checking for g++ option to enable C++11 features
configure:5085: g++  -c  -g -std=c++11 -DNDEBUG  conftest.cpp >&5
conftest.cpp: In function 'int main(int, char**)':
conftest.cpp:177:25: warning: empty parentheses were disambiguated as a function declaration [-Wvexing-parse]
  177 |   cxx11test::delegate d2();
      |                         ^~
conftest.cpp:177:25: note: remove parentheses to default-initialize a variable
  177 |   cxx11test::delegate d2();
      |                         ^~
      |                         --
conftest.cpp:177:25: note: or replace parentheses with braces to value-initialize a variable
configure:5085: $? = 0
configure:5103: result: none needed
configure:5169: checking dependency style of g++
configure:5281: result: gcc3
configure:5334: checking build system type
configure:5349: result: x86_64-pc-linux-gnu
configure:5369: checking host system type
configure:5383: result: x86_64-pc-linux-gnu
configure:5424: checking how to print strings
configure:5451: result: printf
configure:5472: checking for a sed that does not truncate output
configure:5542: result: /usr/bin/sed
configure:5560: checking for grep that handles long lines and -e
configure:5624: result: /usr/bin/grep
configure:5629: checking for egrep
configure:5697: result: /usr/bin/grep -E
configure:5702: checking for fgrep
configure:5770: result: /usr/bin/grep -F
configure:5806: checking for ld used by gcc
configure:5874: result: /usr/bin/ld
configure:5881: checking if the linker (/usr/bin/ld) is GNU ld
configure:5897: result: yes
configure:5909: checking for BSD- or MS-compatible name lister (nm)
configure:5964: result: /usr/bin/nm -B
configure:6104: checking the name lister (/usr/bin/nm -B) interface
configure:6112: g++ -c  -g -std=c++11 -DNDEBUG  conftest.cpp >&5
configure:6115: /usr/bin/nm -B "conftest.o"
configure:6118: output
0000000000000000 B some_variable
configure:6125: result: BSD nm
configure:6128: checking whether ln -s works
configure:6132: result: yes
configure:6140: checking the maximum length of command line arguments
configure:6272: result: 1572864
configure:6320: checking how to convert x86_64-pc-linux-gnu file names to x86_64-pc-linux-gnu format
configure:6361: result: func_convert_file_noop
configure:6368: checking how to convert x86_64-pc-linux-gnu file names to toolchain format
configure:6389: result: func_convert_file_noop
configure:6396: checking for /usr/bin/ld option to reload object files
configure:6404: result: -r
configure:6483: checking for file
configure:6504: found /usr/bin/file
configure:6515: result: file
configure:6591: checking for objdump
configure:6612: found /usr/bin/objdump
configure:6623: result: objdump
configure:6655: checking how to recognize dependent libraries
configure:6856: result: pass_all
configure:6946: checking for dlltool
configure:6981: result: no
configure:7011: checking how to associate runtime and link libraries
configure:7039: result: printf %s\n
configure:7105: checking for ar
configure:7126: found /usr/bin/ar
configure:7137: result: ar
configure:7190: checking for archiver @FILE support
configure:7208: g++ -c  -g -std=c++11 -DNDEBUG  conftest.cpp >&5
configure:7208: $? = 0
configure:7212: ar cr libconftest.a @conftest.lst >&5
configure:7215: $? = 0
configure:7220: ar cr libconftest.a @conftest.lst >&5
ar: conftest.o: No such file or directory
configure:7223: $? = 1
configure:7235: result: @
configure:7298: checking for strip
configure:7319: found /usr/bin/strip
configure:7330: result: strip
configure:7407: checking for ranlib
configure:7428: found /usr/bin/ranlib
configure:7439: result: ranlib
configure:7541: checking command to parse /usr/bin/nm -B output from gcc object
configure:7695: g++ -c  -g -std=c++11 -DNDEBUG  conftest.cpp >&5
configure:7698: $? = 0
configure:7702: /usr/bin/nm -B conftest.o | /usr/bin/sed -n -e 's/^.*[	 ]\([ABCDGIRSTW][ABCDGIRSTW]*\)[	 ][	 ]*\([_A-Za-z][_A-Za-z0-9]*\)$/\1 \2 \2/p' | /usr/bin/sed '/ __gnu_lto/d' > conftest.nm
configure:7768: g++ -o conftest  -g -std=c++11 -DNDEBUG   conftest.cpp conftstm.o >&5
configure:7771: $? = 0
configure:7809: result: ok
configure:7856: checking for sysroot
configure:7887: result: no
configure:7894: checking for a working dd
configure:7938: result: /usr/bin/dd
configure:7942: checking how to truncate binary pipes
configure:7958: result: /usr/bin/dd bs=4096 count=1
configure:8096: g++ -c  -g -std=c++11 -DNDEBUG  conftest.cpp >&5
configure:8099: $? = 0
configure:8296: checking for mt
configure:8317: found /usr/bin/mt
configure:8328: result: mt
configure:8351: checking if mt is a manifest tool
configure:8358: mt '-?'
configure:8366: result: no
configure:9091: checking for stdio.h
configure:9091: g++ -c  -g -std=c++11 -DNDEBUG  conftest.cpp >&5
configure:9091: $? = 0
configure:9091: result: yes
configure:9091: checking for stdlib.h
configure:9091: g++ -c  -g -std=c++11 -DNDEBUG  conftest.cpp >&5
configure:9091: $? = 0
configure:9091: result: yes
configure:9091: checking for string.h
configure:9091: g++ -c  -g -std=c++11 -DNDEBUG  conftest.cpp >&5
configure:9091: $? = 0
configure:9091: result: yes
configure:9091: checking for inttypes.h
configure:9091: g++ -c  -g -std=c++11 -DNDEBUG  conftest.cpp >&5
configure:9091: $? = 0
configure:9091: result: yes
configure:9091: checking for stdint.h
configure:9091: g++ -c  -g -std=c++11 -DNDEBUG  conftest.cpp >&5
configure:9091: $? = 0
configure:9091: result: yes
configure:9091: checking for strings.h
configure:9091: g++ -c  -g -std=c++11 -DNDEBUG  conftest.cpp >&5
configure:9091: $? = 0
configure:9091: result: yes
configure:9091: checking for sys/stat.h
configure:9091: g++ -c  -g -std=c++11 -DNDEBUG  conftest.cpp >&5
configure:9091: $? = 0
configure:9091: result: yes
configure:9091: checking for sys/types.h
configure:9091: g++ -c  -g -std=c++11 -DNDEBUG  conftest.cpp >&5
configure:9091: $? = 0
configure:9091: result: yes
configure:9091: checking for unistd.h
configure:9091: g++ -c  -g -std=c++11 -DNDEBUG  conftest.cpp >&5
configure:9091: $? = 0
configure:9091: result: yes
configure:9116: checking for dlfcn.h
configure:9116: g++ -c  -g -std=c++11 -DNDEBUG  conftest.cpp >&5
configure:9116: $? = 0
configure:9116: result: yes
configure:9385: checking for objdir
configure:9401: result: .libs
configure:9661: checking if gcc supports -fno-rtti -fno-exceptions
configure:9680: gcc -c   -fno-rtti -fno-exceptions conftest.c >&5
cc1: warning: command-line option '-fno-rtti' is valid for C++/D/ObjC++ but not for C
configure:9684: $? = 0
configure:9697: result: no
configure:10061: checking for gcc option to produce PIC
configure:10069: result: -fPIC -DPIC
configure:10077: checking if gcc PIC flag -fPIC -DPIC works
configure:10096: gcc -c   -fPIC -DPIC -DPIC conftest.c >&5
configure:10100: $? = 0
configure:10113: result: yes
configure:10142: checking if gcc static flag -static works
configure:10171: result: yes
configure:10186: checking if gcc supports -c -o file.o
configure:10208: gcc -c   -o out/conftest2.o conftest.c >&5
configure:10212: $? = 0
configure:10234: result: yes
configure:10242: checking if gcc supports -c -o file.o
configure:10290: result: yes
configure:10323: checking whether the gcc linker (/usr/bin/ld -m elf_x86_64) supports shared libraries
configure:11597: result: yes
configure:11634: checking whether -lc should be explicitly linked in
configure:11643: gcc -c   conftest.c >&5
configure:11646: $? = 0
configure:11661: gcc -shared  -fPIC -DPIC conftest.o  -v -Wl,-soname -Wl,conftest -o conftest 2\>\&1 \| /usr/bin/grep  -lc  \>/dev/null 2\>\&1
configure:11664: $? = 0
configure:11678: result: no
configure:11838: checking dynamic linker characteristics
configure:12420: gcc -o conftest    -Wl,-rpath -Wl,/foo conftest.c  >&5
configure:12420: $? = 0
configure:12671: result: GNU/Linux ld.so
configure:12793: checking how to hardcode library paths into programs
configure:12818: result: immediate
configure:13370: checking whether stripping libraries is possible
configure:13379: result: yes
configure:13421: checking if libtool supports shared libraries
configure:13423: result: yes
configure:13426: checking whether to build shared libraries
configure:13451: result: yes
configure:13454: checking whether to build static libraries
configure:13458: result: yes
configure:13481: checking how to run the C++ preprocessor
configure:13503: g++ -E  conftest.cpp
configure:13503: $? = 0
configure:13518: g++ -E  conftest.cpp
conftest.cpp:23:10: fatal error: ac_nonexistent.h: No such file or directory
   23 | #include <ac_nonexistent.h>
      |          ^~~~~~~~~~~~~~~~~~
compilation terminated.
configure:13518: $? = 1
configure: failed program was:
| /* confdefs.h */
| #define PACKAGE_NAME "Google C++ Mocking Framework"
| #define PACKAGE_TARNAME "gmock"
| #define PACKAGE_VERSION "1.8.0"
| #define PACKAGE_STRING "Google C++ Mocking Framework 1.8.0"
| #define PACKAGE_BUGREPORT "googlemock@googlegroups.com"
| #define PACKAGE_URL ""
| #define PACKAGE "gmock"
| #define VERSION "1.8.0"
| #define HAVE_STDIO_H 1
| #define HAVE_STDLIB_H 1
| #define HAVE_STRING_H 1
| #define HAVE_INTTYPES_H 1
| #define HAVE_STDINT_H 1
| #define HAVE_STRINGS_H 1
| #define HAVE_SYS_STAT_H 1
| #define HAVE_SYS_TYPES_H 1
| #define HAVE_UNISTD_H 1
| #define STDC_HEADERS 1
| #define HAVE_DLFCN_H 1
| #define LT_OBJDIR ".libs/"
| /* end confdefs.h.  */
| #include <ac_nonexistent.h>
configure:13545: result: g++ -E
configure:13559: g++ -E  conftest.cpp
configure:13559: $? = 0
configure:13574: g++ -E  conftest.cpp
conftest.cpp:23:10: fatal error: ac_nonexistent.h: No such file or directory
   23 | #include <ac_nonexistent.h>
      |          ^~~~~~~~~~~~~~~~~~
compilation terminated.
configure:13574: $? = 1
configure: failed program was:
| /* confdefs.h */
| #define PACKAGE_NAME "Google C++ Mocking Framework"
| #define PACKAGE_TARNAME "gmock"
| #define PACKAGE_VERSION "1.8.0"
| #define PACKAGE_STRING "Google C++ Mocking Framework 1.8.0"
| #define PACKAGE_BUGREPORT "googlemock@googlegroups.com"
| #define PACKAGE_URL ""
| #define PACKAGE "gmock"
| #define VERSION "1.8.0"
| #define HAVE_STDIO_H 1
| #define HAVE_STDLIB_H 1
| #define HAVE_STRING_H 1
| #define HAVE_INTTYPES_H 1
| #define HAVE_STDINT_H 1
| #define HAVE_STRINGS_H 1
| #define HAVE_SYS_STAT_H 1
| #define HAVE_SYS_TYPES_H 1
| #define HAVE_UNISTD_H 1
| #define STDC_HEADERS 1
| #define HAVE_DLFCN_H 1
| #define LT_OBJDIR ".libs/"
| /* end confdefs.h.  */
| #include <ac_nonexistent.h>
configure:13739: checking for ld used by g++
configure:13807: result: /usr/bin/ld -m elf_x86_64
configure:13814: checking if the linker (/usr/bin/ld -m elf_x86_64) is GNU ld
configure:13830: result: yes
configure:13885: checking whether the g++ linker (/usr/bin/ld -m elf_x86_64) supports shared libraries
configure:14963: result: yes
configure:14999: g++ -c  -g -std=c++11 -DNDEBUG  conftest.cpp >&5
configure:15002: $? = 0
configure:15483: checking for g++ option to produce PIC
configure:15491: result: -fPIC -DPIC
configure:15499: checking if g++ PIC flag -fPIC -DPIC works
configure:15518: g++ -c  -g -std=c++11 -DNDEBUG  -fPIC -DPIC -DPIC conftest.cpp >&5
configure:15522: $? = 0
configure:15535: result: yes
configure:15558: checking if g++ static flag -static works
configure:15587: result: yes
configure:15599: checking if g++ supports -c -o file.o
configure:15621: g++ -c  -g -std=c++11 -DNDEBUG  -o out/conftest2.o conftest.cpp >&5
configure:15625: $? = 0
configure:15647: result: yes
configure:15652: checking if g++ supports -c -o file.o
configure:15700: result: yes
configure:15730: checking whether the g++ linker (/usr/bin/ld -m elf_x86_64) supports shared libraries
configure:15773: result: yes
configure:15915: checking dynamic linker characteristics
configure:16675: result: GNU/Linux ld.so
configure:16740: checking how to hardcode library paths into programs
configure:16765: result: immediate
configure:16835: checking for python
configure:16871: result: :
configure:17094: checking for the pthreads library -lpthreads
configure:17127: gcc -o conftest     conftest.c -lpthreads  >&5
conftest.c: In function 'main':
conftest.c:28:22: warning: argument 1 null where non-null expected [-Wnonnull]
   28 |                      pthread_attr_init(0); pthread_cleanup_push(0, 0);
      |                      ^~~~~~~~~~~~~~~~~
In file included from conftest.c:23:
/usr/include/pthread.h:285:12: note: in a call to function 'pthread_attr_init' declared 'nonnull'
  285 | extern int pthread_attr_init (pthread_attr_t *__attr) __THROW __nonnull ((1));
      |            ^~~~~~~~~~~~~~~~~
conftest.c:29:22: warning: argument 1 null where non-null expected [-Wnonnull]
   29 |                      pthread_create(0,0,0,0); pthread_cleanup_pop(0);
      |                      ^~~~~~~~~~~~~~
/usr/include/pthread.h:202:12: note: in a call to function 'pthread_create' declared 'nonnull'
  202 | extern int pthread_create (pthread_t *__restrict __newthread,
      |            ^~~~~~~~~~~~~~
conftest.c:29:22: warning: argument 3 null where non-null expected [-Wnonnull]
   29 |                      pthread_create(0,0,0,0); pthread_cleanup_pop(0);
      |                      ^~~~~~~~~~~~~~
/usr/include/pthread.h:202:12: note: in a call to function 'pthread_create' declared 'nonnull'
  202 | extern int pthread_create (pthread_t *__restrict __newthread,
      |            ^~~~~~~~~~~~~~
/usr/bin/ld: cannot find -lpthreads: No such file or directory
collect2: error: ld returned 1 exit status
configure:17127: $? = 1
configure: failed program was:
| /* confdefs.h */
| #define PACKAGE_NAME "Google C++ Mocking Framework"
| #define PACKAGE_TARNAME "gmock"
| #define PACKAGE_VERSION "1.8.0"
| #define PACKAGE_STRING "Google C++ Mocking Framework 1.8.0"
| #define PACKAGE_BUGREPORT "googlemock@googlegroups.com"
| #define PACKAGE_URL ""
| #define PACKAGE "gmock"
| #define VERSION "1.8.0"
| #define HAVE_STDIO_H 1
| #define HAVE_STDLIB_H 1
| #define HAVE_STRING_H 1
| #define HAVE_INTTYPES_H 1
| #define HAVE_STDINT_H 1
| #define HAVE_STRINGS_H 1
| #define HAVE_SYS_STAT_H 1
| #define HAVE_SYS_TYPES_H 1
| #define HAVE_UNISTD_H 1
| #define STDC_HEADERS 1
| #define HAVE_DLFCN_H 1
| #define LT_OBJDIR ".libs/"
| /* end confdefs.h.  */
| #include <pthread.h>
| int
| main (void)
| {
| pthread_t th; pthread_join(th, 0);
|                      pthread_attr_init(0); pthread_cleanup_push(0, 0);
|                      pthread_create(0,0,0,0); pthread_cleanup_pop(0);
|   ;
|   return 0;
| }
configure:17137: result: no
configure:17034: checking whether pthreads work without any flags
configure:17127: gcc -o conftest     conftest.c   >&5
conftest.c: In function 'main':
conftest.c:28:22: warning: argument 1 null where non-null expected [-Wnonnull]
   28 |                      pthread_attr_init(0); pthread_cleanup_push(0, 0);
      |                      ^~~~~~~~~~~~~~~~~
In file included from conftest.c:23:
/usr/include/pthread.h:285:12: note: in a call to function 'pthread_attr_init' declared 'nonnull'
  285 | extern int pthread_attr_init (pthread_attr_t *__attr) __THROW __nonnull ((1));
      |            ^~~~~~~~~~~~~~~~~
conftest.c:29:22: warning: argument 1 null where non-null expected [-Wnonnull]
   29 |                      pthread_create(0,0,0,0); pthread_cleanup_pop(0);
      |                      ^~~~~~~~~~~~~~
/usr/include/pthread.h:202:12: note: in a call to function 'pthread_create' declared 'nonnull'
  202 | extern int pthread_create (pthread_t *__restrict __newthread,
      |            ^~~~~~~~~~~~~~
conftest.c:29:22: warning: argument 3 null where non-null expected [-Wnonnull]
   29 |                      pthread_create(0,0,0,0); pthread_cleanup_pop(0);
      |                      ^~~~~~~~~~~~~~
/usr/include/pthread.h:202:12: note: in a call to function 'pthread_create' declared 'nonnull'
  202 | extern int pthread_create (pthread_t *__restrict __newthread,
      |            ^~~~~~~~~~~~~~
configure:17127: $? = 0
configure:17137: result: yes
configure:17156: checking for joinable pthread attribute
configure:17171: gcc -o conftest     conftest.c   >&5
configure:17171: $? = 0
configure:17178: result: PTHREAD_CREATE_JOINABLE
configure:17186: checking if more special flags are required for pthreads
configure:17193: result: no
configure:17287: checking whether to check for GCC pthread/shared inconsistencies
configure:17300: gcc -o conftest -shared -fPIC -Wl,-z,defs     conftest.c   >&5
configure:17300: $? = 0
configure:17313: result: yes
configure:17319: checking whether -pthread is sufficient with -shared
configure:17334: gcc -o conftest -shared -fPIC -Wl,-z,defs     conftest.c   >&5
conftest.c: In function 'main':
conftest.c:28:15: warning: argument 1 null where non-null expected [-Wnonnull]
   28 |               pthread_attr_init(0); pthread_cleanup_push(0, 0);
      |               ^~~~~~~~~~~~~~~~~
In file included from conftest.c:23:
/usr/include/pthread.h:285:12: note: in a call to function 'pthread_attr_init' declared 'nonnull'
  285 | extern int pthread_attr_init (pthread_attr_t *__attr) __THROW __nonnull ((1));
      |            ^~~~~~~~~~~~~~~~~
conftest.c:29:15: warning: argument 1 null where non-null expected [-Wnonnull]
   29 |               pthread_create(0,0,0,0); pthread_cleanup_pop(0);
      |               ^~~~~~~~~~~~~~
/usr/include/pthread.h:202:12: note: in a call to function 'pthread_create' declared 'nonnull'
  202 | extern int pthread_create (pthread_t *__restrict __newthread,
      |            ^~~~~~~~~~~~~~
conftest.c:29:15: warning: argument 3 null where non-null expected [-Wnonnull]
   29 |               pthread_create(0,0,0,0); pthread_cleanup_pop(0);
      |               ^~~~~~~~~~~~~~
/usr/include/pthread.h:202:12: note: in a call to function 'pthread_create' declared 'nonnull'
  202 | extern int pthread_create (pthread_t *__restrict __newthread,
      |            ^~~~~~~~~~~~~~
configure:17334: $? = 0
configure:17342: result: yes
configure:17548: checking for gtest-config
configure:17586: result: no
configure:17732: checking that generated files are newer than configure
configure:17738: result: done
configure:17773: creating ./config.status

## ---------------------- ##
## Running config.status. ##
## ---------------------- ##

This file was extended by Google C++ Mocking Framework config.status 1.8.0, which was
generated by GNU Autoconf 2.71.  Invocation command line was

  CONFIG_FILES    = 
  CONFIG_HEADERS  = 
  CONFIG_LINKS    = 
  CONFIG_COMMANDS = 
  $ ./config.status 

on iZn4adgxsi96b0p10hxn1fZ

config.status:1162: creating Makefile
config.status:1162: creating scripts/gmock-config
config.status:1162: creating build-aux/config.h
config.status:1391: executing depfiles commands
config.status:1469: cd .       && sed -e '/# am--include-marker/d' Makefile         | make -f - am--depfiles
config.status:1474: $? = 0
config.status:1391: executing libtool commands

## ---------------- ##
## Cache variables. ##
## ---------------- ##

ac_cv_build=x86_64-pc-linux-gnu
ac_cv_c_compiler_gnu=yes
ac_cv_cxx_compiler_gnu=yes
ac_cv_env_CCC_set=
ac_cv_env_CCC_value=
ac_cv_env_CC_set=
ac_cv_env_CC_value=
ac_cv_env_CFLAGS_set=set
ac_cv_env_CFLAGS_value=
ac_cv_env_CPPFLAGS_set=
ac_cv_env_CPPFLAGS_value=
ac_cv_env_CXXCPP_set=
ac_cv_env_CXXCPP_value=
ac_cv_env_CXXFLAGS_set=set
ac_cv_env_CXXFLAGS_value=' -g -std=c++11 -DNDEBUG'
ac_cv_env_CXX_set=
ac_cv_env_CXX_value=
ac_cv_env_GTEST_CONFIG_set=
ac_cv_env_GTEST_CONFIG_value=
ac_cv_env_GTEST_CPPFLAGS_set=
ac_cv_env_GTEST_CPPFLAGS_value=
ac_cv_env_GTEST_CXXFLAGS_set=
ac_cv_env_GTEST_CXXFLAGS_value=
ac_cv_env_GTEST_LDFLAGS_set=
ac_cv_env_GTEST_LDFLAGS_value=
ac_cv_env_GTEST_LIBS_set=
ac_cv_env_GTEST_LIBS_value=
ac_cv_env_GTEST_VERSION_set=
ac_cv_env_GTEST_VERSION_value=
ac_cv_env_LDFLAGS_set=
ac_cv_env_LDFLAGS_value=
ac_cv_env_LIBS_set=
ac_cv_env_LIBS_value=
ac_cv_env_LT_SYS_LIBRARY_PATH_set=
ac_cv_env_LT_SYS_LIBRARY_PATH_value=
ac_cv_env_build_alias_set=
ac_cv_env_build_alias_value=
ac_cv_env_host_alias_set=
ac_cv_env_host_alias_value=
ac_cv_env_target_alias_set=
ac_cv_env_target_alias_value=
ac_cv_header_dlfcn_h=yes
ac_cv_header_inttypes_h=yes
ac_cv_header_stdint_h=yes
ac_cv_header_stdio_h=yes
ac_cv_header_stdlib_h=yes
ac_cv_header_string_h=yes
ac_cv_header_strings_h=yes
ac_cv_header_sys_stat_h=yes
ac_cv_header_sys_types_h=yes
ac_cv_header_unistd_h=yes
ac_cv_host=x86_64-pc-linux-gnu
ac_cv_objext=o
ac_cv_path_EGREP='/usr/bin/grep -E'
ac_cv_path_FGREP='/usr/bin/grep -F'
ac_cv_path_GREP=/usr/bin/grep
ac_cv_path_PYTHON=:
ac_cv_path_SED=/usr/bin/sed
ac_cv_path_install='/usr/bin/install -c'
ac_cv_path_lt_DD=/usr/bin/dd
ac_cv_path_mkdir=/usr/bin/mkdir
ac_cv_prog_AWK=gawk
ac_cv_prog_CXXCPP='g++ -E'
ac_cv_prog_ac_ct_AR=ar
ac_cv_prog_ac_ct_CC=gcc
ac_cv_prog_ac_ct_CXX=g++
ac_cv_prog_ac_ct_FILECMD=file
ac_cv_prog_ac_ct_MANIFEST_TOOL=mt
ac_cv_prog_ac_ct_OBJDUMP=objdump
ac_cv_prog_ac_ct_RANLIB=ranlib
ac_cv_prog_ac_ct_STRIP=strip
ac_cv_prog_cc_c11=
ac_cv_prog_cc_g=yes
ac_cv_prog_cc_stdc=
ac_cv_prog_cxx_11=no
ac_cv_prog_cxx_cxx11=
ac_cv_prog_cxx_g=yes
ac_cv_prog_cxx_stdcxx=
ac_cv_prog_make_make_set=yes
am_cv_CC_dependencies_compiler_type=gcc3
am_cv_CXX_dependencies_compiler_type=gcc3
am_cv_make_support_nested_variables=yes
am_cv_prog_cc_c_o=yes
lt_cv_ar_at_file=@
lt_cv_archive_cmds_need_lc=no
lt_cv_deplibs_check_method=pass_all
lt_cv_file_magic_cmd='$MAGIC_CMD'
lt_cv_file_magic_test_file=
lt_cv_ld_reload_flag=-r
lt_cv_nm_interface='BSD nm'
lt_cv_objdir=.libs
lt_cv_path_LD=/usr/bin/ld
lt_cv_path_LDCXX='/usr/bin/ld -m elf_x86_64'
lt_cv_path_NM='/usr/bin/nm -B'
lt_cv_path_mainfest_tool=no
lt_cv_prog_compiler_c_o=yes
lt_cv_prog_compiler_c_o_CXX=yes
lt_cv_prog_compiler_pic='-fPIC -DPIC'
lt_cv_prog_compiler_pic_CXX='-fPIC -DPIC'
lt_cv_prog_compiler_pic_works=yes
lt_cv_prog_compiler_pic_works_CXX=yes
lt_cv_prog_compiler_rtti_exceptions=no
lt_cv_prog_compiler_static_works=yes
lt_cv_prog_compiler_static_works_CXX=yes
lt_cv_prog_gnu_ld=yes
lt_cv_prog_gnu_ldcxx=yes
lt_cv_sharedlib_from_linklib_cmd='printf %s\n'
lt_cv_shlibpath_overrides_runpath=yes
lt_cv_sys_global_symbol_pipe='/usr/bin/sed -n -e '\''s/^.*[	 ]\([ABCDGIRSTW][ABCDGIRSTW]*\)[	 ][	 ]*\([_A-Za-z][_A-Za-z0-9]*\)$/\1 \2 \2/p'\'' | /usr/bin/sed '\''/ __gnu_lto/d'\'''
lt_cv_sys_global_symbol_to_c_name_address='/usr/bin/sed -n -e '\''s/^: \(.*\) .*$/  {"\1", (void *) 0},/p'\'' -e '\''s/^[ABCDGIRSTW][ABCDGIRSTW]* .* \(.*\)$/  {"\1", (void *) \&\1},/p'\'''
lt_cv_sys_global_symbol_to_c_name_address_lib_prefix='/usr/bin/sed -n -e '\''s/^: \(.*\) .*$/  {"\1", (void *) 0},/p'\'' -e '\''s/^[ABCDGIRSTW][ABCDGIRSTW]* .* \(lib.*\)$/  {"\1", (void *) \&\1},/p'\'' -e '\''s/^[ABCDGIRSTW][ABCDGIRSTW]* .* \(.*\)$/  {"lib\1", (void *) \&\1},/p'\'''
lt_cv_sys_global_symbol_to_cdecl='/usr/bin/sed -n -e '\''s/^T .* \(.*\)$/extern int \1();/p'\'' -e '\''s/^[ABCDGIRSTW][ABCDGIRSTW]* .* \(.*\)$/extern char \1;/p'\'''
lt_cv_sys_global_symbol_to_import=
lt_cv_sys_max_cmd_len=1572864
lt_cv_to_host_file_cmd=func_convert_file_noop
lt_cv_to_tool_file_cmd=func_convert_file_noop
lt_cv_truncate_bin='/usr/bin/dd bs=4096 count=1'

## ----------------- ##
## Output variables. ##
## ----------------- ##

ACLOCAL='${SHELL} '\''/home/drw1/protobuf/install/protobuf-3.21.1/third_party/googletest/googlemock/build-aux/missing'\'' aclocal-1.16'
AMDEPBACKSLASH='\'
AMDEP_FALSE='#'
AMDEP_TRUE=''
AMTAR='$${TAR-tar}'
AM_BACKSLASH='\'
AM_DEFAULT_V='$(AM_DEFAULT_VERBOSITY)'
AM_DEFAULT_VERBOSITY='1'
AM_V='$(V)'
AR='ar'
AUTOCONF='${SHELL} '\''/home/drw1/protobuf/install/protobuf-3.21.1/third_party/googletest/googlemock/build-aux/missing'\'' autoconf'
AUTOHEADER='${SHELL} '\''/home/drw1/protobuf/install/protobuf-3.21.1/third_party/googletest/googlemock/build-aux/missing'\'' autoheader'
AUTOMAKE='${SHELL} '\''/home/drw1/protobuf/install/protobuf-3.21.1/third_party/googletest/googlemock/build-aux/missing'\'' automake-1.16'
AWK='gawk'
CC='gcc'
CCDEPMODE='depmode=gcc3'
CFLAGS=''
CPPFLAGS=''
CSCOPE='cscope'
CTAGS='ctags'
CXX='g++'
CXXCPP='g++ -E'
CXXDEPMODE='depmode=gcc3'
CXXFLAGS=' -g -std=c++11 -DNDEBUG'
CYGPATH_W='echo'
DEFS='-DHAVE_CONFIG_H'
DEPDIR='.deps'
DLLTOOL='false'
DSYMUTIL=''
DUMPBIN=''
ECHO_C=''
ECHO_N='-n'
ECHO_T=''
EGREP='/usr/bin/grep -E'
ETAGS='etags'
EXEEXT=''
FGREP='/usr/bin/grep -F'
FILECMD='file'
GREP='/usr/bin/grep'
GTEST_CONFIG='/home/drw1/protobuf/install/protobuf-3.21.1/third_party/googletest/googlemock/../googletest/scripts/gtest-config'
GTEST_CPPFLAGS='-I$(top_srcdir)/../googletest/include'
GTEST_CXXFLAGS='-g'
GTEST_LDFLAGS=''
GTEST_LIBS='$(top_builddir)/../googletest/lib/libgtest.la'
GTEST_VERSION='1.8.0'
HAVE_PTHREADS_FALSE='#'
HAVE_PTHREADS_TRUE=''
HAVE_PYTHON_FALSE=''
HAVE_PYTHON_TRUE='#'
INSTALL_DATA='${INSTALL} -m 644'
INSTALL_PROGRAM='${INSTALL}'
INSTALL_SCRIPT='${INSTALL}'
INSTALL_STRIP_PROGRAM='$(install_sh) -c -s'
LD='/usr/bin/ld -m elf_x86_64'
LDFLAGS=''
LIBOBJS=''
LIBS=''
LIBTOOL='$(SHELL) $(top_builddir)/libtool'
LIPO=''
LN_S='ln -s'
LTLIBOBJS=''
LT_SYS_LIBRARY_PATH=''
MAKEINFO='${SHELL} '\''/home/drw1/protobuf/install/protobuf-3.21.1/third_party/googletest/googlemock/build-aux/missing'\'' makeinfo'
MANIFEST_TOOL=':'
MKDIR_P='/usr/bin/mkdir -p'
NM='/usr/bin/nm -B'
NMEDIT=''
OBJDUMP='objdump'
OBJEXT='o'
OTOOL64=''
OTOOL=''
PACKAGE='gmock'
PACKAGE_BUGREPORT='googlemock@googlegroups.com'
PACKAGE_NAME='Google C++ Mocking Framework'
PACKAGE_STRING='Google C++ Mocking Framework 1.8.0'
PACKAGE_TARNAME='gmock'
PACKAGE_URL=''
PACKAGE_VERSION='1.8.0'
PATH_SEPARATOR=':'
PTHREAD_CC='gcc'
PTHREAD_CFLAGS=''
PTHREAD_LIBS=''
PYTHON=':'
RANLIB='ranlib'
SED='/usr/bin/sed'
SET_MAKE=''
SHELL='/bin/bash'
STRIP='strip'
VERSION='1.8.0'
ac_ct_AR='ar'
ac_ct_CC='gcc'
ac_ct_CXX='g++'
ac_ct_DUMPBIN=''
acx_pthread_config=''
am__EXEEXT_FALSE=''
am__EXEEXT_TRUE='#'
am__fastdepCC_FALSE='#'
am__fastdepCC_TRUE=''
am__fastdepCXX_FALSE='#'
am__fastdepCXX_TRUE=''
am__include='include'
am__isrc=''
am__leading_dot='.'
am__nodep='_no'
am__quote=''
am__tar='$${TAR-tar} chof - "$$tardir"'
am__untar='$${TAR-tar} xf -'
bindir='${exec_prefix}/bin'
build='x86_64-pc-linux-gnu'
build_alias=''
build_cpu='x86_64'
build_os='linux-gnu'
build_vendor='pc'
datadir='${datarootdir}'
datarootdir='${prefix}/share'
docdir='${datarootdir}/doc/${PACKAGE_TARNAME}'
dvidir='${docdir}'
exec_prefix='${prefix}'
host='x86_64-pc-linux-gnu'
host_alias=''
host_cpu='x86_64'
host_os='linux-gnu'
host_vendor='pc'
htmldir='${docdir}'
includedir='${prefix}/include'
infodir='${datarootdir}/info'
install_sh='${SHELL} /home/drw1/protobuf/install/protobuf-3.21.1/third_party/googletest/googlemock/build-aux/install-sh'
libdir='${exec_prefix}/lib'
libexecdir='${exec_prefix}/libexec'
localedir='${datarootdir}/locale'
localstatedir='${prefix}/var'
mandir='${datarootdir}/man'
mkdir_p='$(MKDIR_P)'
oldincludedir='/usr/include'
pdfdir='${docdir}'
prefix='/usr/local'
program_transform_name='s,x,x,'
psdir='${docdir}'
runstatedir='${localstatedir}/run'
sbindir='${exec_prefix}/sbin'
sharedstatedir='${prefix}/com'
sysconfdir='${prefix}/etc'
target_alias=''

## ----------- ##
## confdefs.h. ##
## ----------- ##

/* confdefs.h */
#define PACKAGE_NAME "Google C++ Mocking Framework"
#define PACKAGE_TARNAME "gmock"
#define PACKAGE_VERSION "1.8.0"
#define PACKAGE_STRING "Google C++ Mocking Framework 1.8.0"
#define PACKAGE_BUGREPORT "googlemock@googlegroups.com"
#define PACKAGE_URL ""
#define PACKAGE "gmock"
#define VERSION "1.8.0"
#define HAVE_STDIO_H 1
#define HAVE_STDLIB_H 1
#define HAVE_STRING_H 1
#define HAVE_INTTYPES_H 1
#define HAVE_STDINT_H 1
#define HAVE_STRINGS_H 1
#define HAVE_SYS_STAT_H 1
#define HAVE_SYS_TYPES_H 1
#define HAVE_UNISTD_H 1
#define STDC_HEADERS 1
#define HAVE_DLFCN_H 1
#define LT_OBJDIR ".libs/"
#define HAVE_PTHREAD 1

configure: exit 0
